<?xml version="1.0" encoding="UTF-8"?>
<!-- Generated by org.testng.reporters.JUnitReportReporter -->
<testsuite skipped="0" hostname="nblap191" name="sampletestcase.Search" tests="1" failures="0" timestamp="16 Nov 2018 13:37:51 GMT" time="8.917" errors="0">
  <testcase name="sampleTest" time="8.917" classname="sampletestcase.Search"/>
</testsuite> <!-- sampletestcase.Search -->
