<?xml version="1.0" encoding="UTF-8"?>
<!-- Generated by org.testng.reporters.JUnitReportReporter -->
<testsuite skipped="0" hostname="nblap191" name="login" tests="1" failures="0" timestamp="14 Nov 2018 14:36:51 GMT" time="8.731" errors="0">
  <testcase name="load" time="8.731" classname="login"/>
</testsuite> <!-- login -->
