<?xml version="1.0" encoding="UTF-8"?>
<!-- Generated by org.testng.reporters.JUnitReportReporter -->
<testsuite skipped="0" hostname="nblap191" name="com.scripts.login" tests="1" failures="0" timestamp="16 Nov 2018 13:47:32 GMT" time="7.481" errors="0">
  <testcase name="testLogin" time="7.481" classname="com.scripts.login"/>
</testsuite> <!-- com.scripts.login -->
