<?xml version="1.0" encoding="UTF-8"?>
<!-- Generated by org.testng.reporters.JUnitReportReporter -->
<testsuite skipped="0" hostname="nblap191" name="com.scripts.loginHomePage" tests="1" failures="0" timestamp="20 Nov 2018 08:22:28 GMT" time="14.430" errors="0">
  <testcase name="testLogin" time="14.430" classname="com.scripts.loginHomePage"/>
</testsuite> <!-- com.scripts.loginHomePage -->
